<?xml version="1.0" encoding="UTF-8"?>
<!-- Generated by org.testng.reporters.JUnitXMLReporter -->
<testsuite hostname="LAPTOP-R1IBFQ0J" ignored="0" name="TestNG Testcases" tests="12" failures="1" timestamp="29 Jul 2019 06:51:37 GMT" time="181.897" errors="0">
  <testcase name="cbtLogo" time="0.039" classname="com.qa.easy.testcases.Demotest"/>
  <testcase name="logspclick" time="0.054" classname="com.qa.easy.testcases.Log4jtest"/>
  <testcase name="TestNGLinkHighlight" time="0.041" classname="com.qa.easy.testcases.TestNGtest"/>
  <testcase name="sikuliimg" time="4.834" classname="com.qa.easy.testcases.Demotest">
    <skipped/>
  </testcase> <!-- sikuliimg -->
  <testcase name="sikuliimg" time="0.023" classname="com.qa.easy.testcases.Demotest">
    <skipped/>
  </testcase> <!-- sikuliimg -->
  <testcase name="sikuliimg" time="0.023" classname="com.qa.easy.testcases.Demotest">
    <skipped/>
  </testcase> <!-- sikuliimg -->
  <testcase name="sikuliimg" time="0.043" classname="com.qa.easy.testcases.Demotest">
    <failure type="java.lang.AssertionError" message="expected [true] but found [false]">
      <![CDATA[java.lang.AssertionError: expected [true] but found [false]
at com.qa.easy.testcases.Demotest.sikuliimg(Demotest.java:46)
... Removed 29 stack frames]]>
    </failure>
  </testcase> <!-- sikuliimg -->
  <testcase name="downloadPDF" time="4.387" classname="com.qa.easy.testcases.Log4jtest"/>
  <testcase name="TestNGHeader" time="0.11" classname="com.qa.easy.testcases.TestNGtest"/>
  <testcase name="searchfilter" time="0.893" classname="com.qa.easy.testcases.Demotest"/>
  <testcase name="searchfilter" time="1.142" classname="com.qa.easy.testcases.Demotest"/>
  <testcase name="searchfilter" time="0.95" classname="com.qa.easy.testcases.Demotest"/>
</testsuite> <!-- TestNG Testcases -->
