<?xml version="1.0" encoding="UTF-8"?>
<testng-results skipped="3" failed="1" ignored="0" total="12" passed="8">
  <reporter-output>
  </reporter-output>
  <suite name="Test Suite" duration-ms="181897" started-at="2019-07-29T06:48:35Z" finished-at="2019-07-29T06:51:37Z">
    <groups>
      <group name="grp">
        <method signature="TestNGtest.TestNGHeader()[pri:2, instance:com.qa.easy.testcases.TestNGtest@67514bdd]" name="TestNGHeader" class="com.qa.easy.testcases.TestNGtest"/>
        <method signature="TestNGtest.TestNGLinkHighlight()[pri:1, instance:com.qa.easy.testcases.TestNGtest@67514bdd]" name="TestNGLinkHighlight" class="com.qa.easy.testcases.TestNGtest"/>
      </group> <!-- grp -->
    </groups>
    <test name="TestNG Testcases" duration-ms="181897" started-at="2019-07-29T06:48:35Z" finished-at="2019-07-29T06:51:37Z">
      <class name="com.qa.easy.testcases.Log4jtest">
        <test-method status="PASS" signature="setUp()[pri:0, instance:com.qa.easy.testcases.Log4jtest@1a22e0ef]" name="setUp" is-config="true" duration-ms="11814" started-at="2019-07-29T06:48:47Z" finished-at="2019-07-29T06:48:59Z">
          <reporter-output>
          </reporter-output>
        </test-method> <!-- setUp -->
        <test-method status="PASS" signature="logspclick()[pri:1, instance:com.qa.easy.testcases.Log4jtest@1a22e0ef]" name="logspclick" duration-ms="54" started-at="2019-07-29T06:48:59Z" finished-at="2019-07-29T06:48:59Z">
          <reporter-output>
          </reporter-output>
        </test-method> <!-- logspclick -->
        <test-method status="PASS" signature="tearDown()[pri:0, instance:com.qa.easy.testcases.Log4jtest@1a22e0ef]" name="tearDown" is-config="true" duration-ms="716" started-at="2019-07-29T06:48:59Z" finished-at="2019-07-29T06:49:00Z">
          <reporter-output>
          </reporter-output>
        </test-method> <!-- tearDown -->
        <test-method status="PASS" signature="setUp()[pri:0, instance:com.qa.easy.testcases.Log4jtest@1a22e0ef]" name="setUp" is-config="true" duration-ms="10177" started-at="2019-07-29T06:50:25Z" finished-at="2019-07-29T06:50:35Z">
          <reporter-output>
          </reporter-output>
        </test-method> <!-- setUp -->
        <test-method status="PASS" signature="downloadPDF()[pri:2, instance:com.qa.easy.testcases.Log4jtest@1a22e0ef]" name="downloadPDF" duration-ms="4387" started-at="2019-07-29T06:50:35Z" finished-at="2019-07-29T06:50:39Z">
          <reporter-output>
          </reporter-output>
        </test-method> <!-- downloadPDF -->
        <test-method status="PASS" signature="tearDown()[pri:0, instance:com.qa.easy.testcases.Log4jtest@1a22e0ef]" name="tearDown" is-config="true" duration-ms="729" started-at="2019-07-29T06:50:39Z" finished-at="2019-07-29T06:50:40Z">
          <reporter-output>
          </reporter-output>
        </test-method> <!-- tearDown -->
      </class> <!-- com.qa.easy.testcases.Log4jtest -->
      <class name="com.qa.easy.testcases.TestNGtest">
        <test-method status="PASS" signature="setUp()[pri:0, instance:com.qa.easy.testcases.TestNGtest@67514bdd]" name="setUp" is-config="true" duration-ms="25904" started-at="2019-07-29T06:49:00Z" finished-at="2019-07-29T06:49:26Z">
          <reporter-output>
          </reporter-output>
        </test-method> <!-- setUp -->
        <test-method status="PASS" signature="TestNGLinkHighlight()[pri:1, instance:com.qa.easy.testcases.TestNGtest@67514bdd]" name="TestNGLinkHighlight" duration-ms="41" started-at="2019-07-29T06:49:26Z" finished-at="2019-07-29T06:49:26Z">
          <reporter-output>
          </reporter-output>
        </test-method> <!-- TestNGLinkHighlight -->
        <test-method status="PASS" signature="tearDown()[pri:0, instance:com.qa.easy.testcases.TestNGtest@67514bdd]" name="tearDown" is-config="true" duration-ms="708" started-at="2019-07-29T06:49:26Z" finished-at="2019-07-29T06:49:26Z">
          <reporter-output>
          </reporter-output>
        </test-method> <!-- tearDown -->
        <test-method status="PASS" signature="setUp()[pri:0, instance:com.qa.easy.testcases.TestNGtest@67514bdd]" name="setUp" is-config="true" duration-ms="16803" started-at="2019-07-29T06:50:40Z" finished-at="2019-07-29T06:50:57Z">
          <reporter-output>
          </reporter-output>
        </test-method> <!-- setUp -->
        <test-method status="PASS" signature="TestNGHeader()[pri:2, instance:com.qa.easy.testcases.TestNGtest@67514bdd]" name="TestNGHeader" duration-ms="110" started-at="2019-07-29T06:50:57Z" finished-at="2019-07-29T06:50:57Z">
          <reporter-output>
          </reporter-output>
        </test-method> <!-- TestNGHeader -->
        <test-method status="PASS" signature="tearDown()[pri:0, instance:com.qa.easy.testcases.TestNGtest@67514bdd]" name="tearDown" is-config="true" duration-ms="722" started-at="2019-07-29T06:50:57Z" finished-at="2019-07-29T06:50:58Z">
          <reporter-output>
          </reporter-output>
        </test-method> <!-- tearDown -->
      </class> <!-- com.qa.easy.testcases.TestNGtest -->
      <class name="com.qa.easy.testcases.Demotest">
        <test-method status="PASS" signature="setUp()[pri:0, instance:com.qa.easy.testcases.Demotest@173a6728]" name="setUp" is-config="true" duration-ms="11703" started-at="2019-07-29T06:48:35Z" finished-at="2019-07-29T06:48:46Z">
          <reporter-output>
          </reporter-output>
        </test-method> <!-- setUp -->
        <test-method status="PASS" signature="cbtLogo()[pri:1, instance:com.qa.easy.testcases.Demotest@173a6728]" name="cbtLogo" duration-ms="39" started-at="2019-07-29T06:48:46Z" finished-at="2019-07-29T06:48:46Z">
          <reporter-output>
          </reporter-output>
        </test-method> <!-- cbtLogo -->
        <test-method status="PASS" signature="tearDown()[pri:0, instance:com.qa.easy.testcases.Demotest@173a6728]" name="tearDown" is-config="true" duration-ms="688" started-at="2019-07-29T06:48:46Z" finished-at="2019-07-29T06:48:47Z">
          <reporter-output>
          </reporter-output>
        </test-method> <!-- tearDown -->
        <test-method status="PASS" signature="setUp()[pri:0, instance:com.qa.easy.testcases.Demotest@173a6728]" name="setUp" is-config="true" duration-ms="14410" started-at="2019-07-29T06:49:26Z" finished-at="2019-07-29T06:49:41Z">
          <reporter-output>
          </reporter-output>
        </test-method> <!-- setUp -->
        <test-method status="SKIP" signature="sikuliimg()[pri:2, instance:com.qa.easy.testcases.Demotest@173a6728]" name="sikuliimg" duration-ms="4834" started-at="2019-07-29T06:49:41Z" finished-at="2019-07-29T06:49:46Z">
          <exception class="java.lang.AssertionError">
            <message>
              <![CDATA[expected [true] but found [false]]]>
            </message>
            <full-stacktrace>
              <![CDATA[java.lang.AssertionError: expected [true] but found [false]
at org.testng.Assert.fail(Assert.java:96)
at org.testng.Assert.failNotEquals(Assert.java:776)
at org.testng.Assert.assertTrue(Assert.java:44)
at org.testng.Assert.assertTrue(Assert.java:54)
at com.qa.easy.testcases.Demotest.sikuliimg(Demotest.java:46)
at sun.reflect.NativeMethodAccessorImpl.invoke0(Native Method)
at sun.reflect.NativeMethodAccessorImpl.invoke(NativeMethodAccessorImpl.java:62)
at sun.reflect.DelegatingMethodAccessorImpl.invoke(DelegatingMethodAccessorImpl.java:43)
at java.lang.reflect.Method.invoke(Method.java:498)
at org.testng.internal.MethodInvocationHelper.invokeMethod(MethodInvocationHelper.java:124)
at org.testng.internal.Invoker.invokeMethod(Invoker.java:583)
at org.testng.internal.Invoker.invokeTestMethod(Invoker.java:719)
at org.testng.internal.Invoker.invokeTestMethods(Invoker.java:989)
at org.testng.internal.TestMethodWorker.invokeTestMethods(TestMethodWorker.java:125)
at org.testng.internal.TestMethodWorker.run(TestMethodWorker.java:109)
at org.testng.TestRunner.privateRun(TestRunner.java:648)
at org.testng.TestRunner.run(TestRunner.java:505)
at org.testng.SuiteRunner.runTest(SuiteRunner.java:455)
at org.testng.SuiteRunner.runSequentially(SuiteRunner.java:450)
at org.testng.SuiteRunner.privateRun(SuiteRunner.java:415)
at org.testng.SuiteRunner.run(SuiteRunner.java:364)
at org.testng.SuiteRunnerWorker.runSuite(SuiteRunnerWorker.java:52)
at org.testng.SuiteRunnerWorker.run(SuiteRunnerWorker.java:84)
at org.testng.TestNG.runSuitesSequentially(TestNG.java:1208)
at org.testng.TestNG.runSuitesLocally(TestNG.java:1137)
at org.testng.TestNG.runSuites(TestNG.java:1049)
at org.testng.TestNG.run(TestNG.java:1017)
at org.testng.remote.AbstractRemoteTestNG.run(AbstractRemoteTestNG.java:115)
at org.testng.remote.RemoteTestNG.initAndRun(RemoteTestNG.java:251)
at org.testng.remote.RemoteTestNG.main(RemoteTestNG.java:77)
]]>
            </full-stacktrace>
          </exception> <!-- java.lang.AssertionError -->
          <reporter-output>
          </reporter-output>
        </test-method> <!-- sikuliimg -->
        <test-method status="PASS" signature="tearDown()[pri:0, instance:com.qa.easy.testcases.Demotest@173a6728]" name="tearDown" is-config="true" duration-ms="689" started-at="2019-07-29T06:49:46Z" finished-at="2019-07-29T06:49:46Z">
          <reporter-output>
          </reporter-output>
        </test-method> <!-- tearDown -->
        <test-method status="PASS" signature="setUp()[pri:0, instance:com.qa.easy.testcases.Demotest@173a6728]" name="setUp" is-config="true" duration-ms="15711" started-at="2019-07-29T06:49:46Z" finished-at="2019-07-29T06:50:02Z">
          <reporter-output>
          </reporter-output>
        </test-method> <!-- setUp -->
        <test-method status="SKIP" signature="sikuliimg()[pri:2, instance:com.qa.easy.testcases.Demotest@173a6728]" name="sikuliimg" duration-ms="23" started-at="2019-07-29T06:50:02Z" finished-at="2019-07-29T06:50:02Z">
          <exception class="java.lang.AssertionError">
            <message>
              <![CDATA[expected [true] but found [false]]]>
            </message>
            <full-stacktrace>
              <![CDATA[java.lang.AssertionError: expected [true] but found [false]
at org.testng.Assert.fail(Assert.java:96)
at org.testng.Assert.failNotEquals(Assert.java:776)
at org.testng.Assert.assertTrue(Assert.java:44)
at org.testng.Assert.assertTrue(Assert.java:54)
at com.qa.easy.testcases.Demotest.sikuliimg(Demotest.java:46)
at sun.reflect.NativeMethodAccessorImpl.invoke0(Native Method)
at sun.reflect.NativeMethodAccessorImpl.invoke(NativeMethodAccessorImpl.java:62)
at sun.reflect.DelegatingMethodAccessorImpl.invoke(DelegatingMethodAccessorImpl.java:43)
at java.lang.reflect.Method.invoke(Method.java:498)
at org.testng.internal.MethodInvocationHelper.invokeMethod(MethodInvocationHelper.java:124)
at org.testng.internal.Invoker.invokeMethod(Invoker.java:583)
at org.testng.internal.Invoker.retryFailed(Invoker.java:839)
at org.testng.internal.Invoker.invokeTestMethods(Invoker.java:1010)
at org.testng.internal.TestMethodWorker.invokeTestMethods(TestMethodWorker.java:125)
at org.testng.internal.TestMethodWorker.run(TestMethodWorker.java:109)
at org.testng.TestRunner.privateRun(TestRunner.java:648)
at org.testng.TestRunner.run(TestRunner.java:505)
at org.testng.SuiteRunner.runTest(SuiteRunner.java:455)
at org.testng.SuiteRunner.runSequentially(SuiteRunner.java:450)
at org.testng.SuiteRunner.privateRun(SuiteRunner.java:415)
at org.testng.SuiteRunner.run(SuiteRunner.java:364)
at org.testng.SuiteRunnerWorker.runSuite(SuiteRunnerWorker.java:52)
at org.testng.SuiteRunnerWorker.run(SuiteRunnerWorker.java:84)
at org.testng.TestNG.runSuitesSequentially(TestNG.java:1208)
at org.testng.TestNG.runSuitesLocally(TestNG.java:1137)
at org.testng.TestNG.runSuites(TestNG.java:1049)
at org.testng.TestNG.run(TestNG.java:1017)
at org.testng.remote.AbstractRemoteTestNG.run(AbstractRemoteTestNG.java:115)
at org.testng.remote.RemoteTestNG.initAndRun(RemoteTestNG.java:251)
at org.testng.remote.RemoteTestNG.main(RemoteTestNG.java:77)
]]>
            </full-stacktrace>
          </exception> <!-- java.lang.AssertionError -->
          <reporter-output>
          </reporter-output>
        </test-method> <!-- sikuliimg -->
        <test-method status="PASS" signature="tearDown()[pri:0, instance:com.qa.easy.testcases.Demotest@173a6728]" name="tearDown" is-config="true" duration-ms="989" started-at="2019-07-29T06:50:02Z" finished-at="2019-07-29T06:50:03Z">
          <reporter-output>
          </reporter-output>
        </test-method> <!-- tearDown -->
        <test-method status="PASS" signature="setUp()[pri:0, instance:com.qa.easy.testcases.Demotest@173a6728]" name="setUp" is-config="true" duration-ms="10391" started-at="2019-07-29T06:50:03Z" finished-at="2019-07-29T06:50:13Z">
          <reporter-output>
          </reporter-output>
        </test-method> <!-- setUp -->
        <test-method status="SKIP" signature="sikuliimg()[pri:2, instance:com.qa.easy.testcases.Demotest@173a6728]" name="sikuliimg" duration-ms="23" started-at="2019-07-29T06:50:13Z" finished-at="2019-07-29T06:50:13Z">
          <exception class="java.lang.AssertionError">
            <message>
              <![CDATA[expected [true] but found [false]]]>
            </message>
            <full-stacktrace>
              <![CDATA[java.lang.AssertionError: expected [true] but found [false]
at org.testng.Assert.fail(Assert.java:96)
at org.testng.Assert.failNotEquals(Assert.java:776)
at org.testng.Assert.assertTrue(Assert.java:44)
at org.testng.Assert.assertTrue(Assert.java:54)
at com.qa.easy.testcases.Demotest.sikuliimg(Demotest.java:46)
at sun.reflect.NativeMethodAccessorImpl.invoke0(Native Method)
at sun.reflect.NativeMethodAccessorImpl.invoke(NativeMethodAccessorImpl.java:62)
at sun.reflect.DelegatingMethodAccessorImpl.invoke(DelegatingMethodAccessorImpl.java:43)
at java.lang.reflect.Method.invoke(Method.java:498)
at org.testng.internal.MethodInvocationHelper.invokeMethod(MethodInvocationHelper.java:124)
at org.testng.internal.Invoker.invokeMethod(Invoker.java:583)
at org.testng.internal.Invoker.retryFailed(Invoker.java:839)
at org.testng.internal.Invoker.invokeTestMethods(Invoker.java:1010)
at org.testng.internal.TestMethodWorker.invokeTestMethods(TestMethodWorker.java:125)
at org.testng.internal.TestMethodWorker.run(TestMethodWorker.java:109)
at org.testng.TestRunner.privateRun(TestRunner.java:648)
at org.testng.TestRunner.run(TestRunner.java:505)
at org.testng.SuiteRunner.runTest(SuiteRunner.java:455)
at org.testng.SuiteRunner.runSequentially(SuiteRunner.java:450)
at org.testng.SuiteRunner.privateRun(SuiteRunner.java:415)
at org.testng.SuiteRunner.run(SuiteRunner.java:364)
at org.testng.SuiteRunnerWorker.runSuite(SuiteRunnerWorker.java:52)
at org.testng.SuiteRunnerWorker.run(SuiteRunnerWorker.java:84)
at org.testng.TestNG.runSuitesSequentially(TestNG.java:1208)
at org.testng.TestNG.runSuitesLocally(TestNG.java:1137)
at org.testng.TestNG.runSuites(TestNG.java:1049)
at org.testng.TestNG.run(TestNG.java:1017)
at org.testng.remote.AbstractRemoteTestNG.run(AbstractRemoteTestNG.java:115)
at org.testng.remote.RemoteTestNG.initAndRun(RemoteTestNG.java:251)
at org.testng.remote.RemoteTestNG.main(RemoteTestNG.java:77)
]]>
            </full-stacktrace>
          </exception> <!-- java.lang.AssertionError -->
          <reporter-output>
          </reporter-output>
        </test-method> <!-- sikuliimg -->
        <test-method status="PASS" signature="tearDown()[pri:0, instance:com.qa.easy.testcases.Demotest@173a6728]" name="tearDown" is-config="true" duration-ms="694" started-at="2019-07-29T06:50:13Z" finished-at="2019-07-29T06:50:14Z">
          <reporter-output>
          </reporter-output>
        </test-method> <!-- tearDown -->
        <test-method status="PASS" signature="setUp()[pri:0, instance:com.qa.easy.testcases.Demotest@173a6728]" name="setUp" is-config="true" duration-ms="9622" started-at="2019-07-29T06:50:14Z" finished-at="2019-07-29T06:50:24Z">
          <reporter-output>
          </reporter-output>
        </test-method> <!-- setUp -->
        <test-method status="FAIL" signature="sikuliimg()[pri:2, instance:com.qa.easy.testcases.Demotest@173a6728]" name="sikuliimg" duration-ms="43" started-at="2019-07-29T06:50:24Z" finished-at="2019-07-29T06:50:24Z">
          <exception class="java.lang.AssertionError">
            <message>
              <![CDATA[expected [true] but found [false]]]>
            </message>
            <full-stacktrace>
              <![CDATA[java.lang.AssertionError: expected [true] but found [false]
at org.testng.Assert.fail(Assert.java:96)
at org.testng.Assert.failNotEquals(Assert.java:776)
at org.testng.Assert.assertTrue(Assert.java:44)
at org.testng.Assert.assertTrue(Assert.java:54)
at com.qa.easy.testcases.Demotest.sikuliimg(Demotest.java:46)
at sun.reflect.NativeMethodAccessorImpl.invoke0(Native Method)
at sun.reflect.NativeMethodAccessorImpl.invoke(NativeMethodAccessorImpl.java:62)
at sun.reflect.DelegatingMethodAccessorImpl.invoke(DelegatingMethodAccessorImpl.java:43)
at java.lang.reflect.Method.invoke(Method.java:498)
at org.testng.internal.MethodInvocationHelper.invokeMethod(MethodInvocationHelper.java:124)
at org.testng.internal.Invoker.invokeMethod(Invoker.java:583)
at org.testng.internal.Invoker.retryFailed(Invoker.java:839)
at org.testng.internal.Invoker.invokeTestMethods(Invoker.java:1010)
at org.testng.internal.TestMethodWorker.invokeTestMethods(TestMethodWorker.java:125)
at org.testng.internal.TestMethodWorker.run(TestMethodWorker.java:109)
at org.testng.TestRunner.privateRun(TestRunner.java:648)
at org.testng.TestRunner.run(TestRunner.java:505)
at org.testng.SuiteRunner.runTest(SuiteRunner.java:455)
at org.testng.SuiteRunner.runSequentially(SuiteRunner.java:450)
at org.testng.SuiteRunner.privateRun(SuiteRunner.java:415)
at org.testng.SuiteRunner.run(SuiteRunner.java:364)
at org.testng.SuiteRunnerWorker.runSuite(SuiteRunnerWorker.java:52)
at org.testng.SuiteRunnerWorker.run(SuiteRunnerWorker.java:84)
at org.testng.TestNG.runSuitesSequentially(TestNG.java:1208)
at org.testng.TestNG.runSuitesLocally(TestNG.java:1137)
at org.testng.TestNG.runSuites(TestNG.java:1049)
at org.testng.TestNG.run(TestNG.java:1017)
at org.testng.remote.AbstractRemoteTestNG.run(AbstractRemoteTestNG.java:115)
at org.testng.remote.RemoteTestNG.initAndRun(RemoteTestNG.java:251)
at org.testng.remote.RemoteTestNG.main(RemoteTestNG.java:77)
]]>
            </full-stacktrace>
          </exception> <!-- java.lang.AssertionError -->
          <reporter-output>
          </reporter-output>
        </test-method> <!-- sikuliimg -->
        <test-method status="PASS" signature="tearDown()[pri:0, instance:com.qa.easy.testcases.Demotest@173a6728]" name="tearDown" is-config="true" duration-ms="1099" started-at="2019-07-29T06:50:24Z" finished-at="2019-07-29T06:50:25Z">
          <reporter-output>
          </reporter-output>
        </test-method> <!-- tearDown -->
        <test-method status="PASS" signature="setUp()[pri:0, instance:com.qa.easy.testcases.Demotest@173a6728]" name="setUp" is-config="true" duration-ms="9267" started-at="2019-07-29T06:50:58Z" finished-at="2019-07-29T06:51:08Z">
          <reporter-output>
          </reporter-output>
        </test-method> <!-- setUp -->
        <test-method status="PASS" signature="searchfilter(java.lang.String)[pri:3, instance:com.qa.easy.testcases.Demotest@173a6728]" name="searchfilter" duration-ms="893" started-at="2019-07-29T06:51:08Z" data-provider="getcityTestData" finished-at="2019-07-29T06:51:09Z">
          <params>
            <param index="0">
              <value>
                <![CDATA[Tokyo]]>
              </value>
            </param>
          </params>
          <reporter-output>
          </reporter-output>
        </test-method> <!-- searchfilter -->
        <test-method status="PASS" signature="tearDown()[pri:0, instance:com.qa.easy.testcases.Demotest@173a6728]" name="tearDown" is-config="true" duration-ms="643" started-at="2019-07-29T06:51:09Z" finished-at="2019-07-29T06:51:09Z">
          <reporter-output>
          </reporter-output>
        </test-method> <!-- tearDown -->
        <test-method status="PASS" signature="setUp()[pri:0, instance:com.qa.easy.testcases.Demotest@173a6728]" name="setUp" is-config="true" duration-ms="11098" started-at="2019-07-29T06:51:09Z" finished-at="2019-07-29T06:51:20Z">
          <reporter-output>
          </reporter-output>
        </test-method> <!-- setUp -->
        <test-method status="PASS" signature="searchfilter(java.lang.String)[pri:3, instance:com.qa.easy.testcases.Demotest@173a6728]" name="searchfilter" duration-ms="1142" started-at="2019-07-29T06:51:20Z" data-provider="getcityTestData" finished-at="2019-07-29T06:51:21Z">
          <params>
            <param index="0">
              <value>
                <![CDATA[London]]>
              </value>
            </param>
          </params>
          <reporter-output>
          </reporter-output>
        </test-method> <!-- searchfilter -->
        <test-method status="PASS" signature="tearDown()[pri:0, instance:com.qa.easy.testcases.Demotest@173a6728]" name="tearDown" is-config="true" duration-ms="645" started-at="2019-07-29T06:51:21Z" finished-at="2019-07-29T06:51:22Z">
          <reporter-output>
          </reporter-output>
        </test-method> <!-- tearDown -->
        <test-method status="PASS" signature="setUp()[pri:0, instance:com.qa.easy.testcases.Demotest@173a6728]" name="setUp" is-config="true" duration-ms="12856" started-at="2019-07-29T06:51:22Z" finished-at="2019-07-29T06:51:35Z">
          <reporter-output>
          </reporter-output>
        </test-method> <!-- setUp -->
        <test-method status="PASS" signature="searchfilter(java.lang.String)[pri:3, instance:com.qa.easy.testcases.Demotest@173a6728]" name="searchfilter" duration-ms="950" started-at="2019-07-29T06:51:35Z" data-provider="getcityTestData" finished-at="2019-07-29T06:51:36Z">
          <params>
            <param index="0">
              <value>
                <![CDATA[New York]]>
              </value>
            </param>
          </params>
          <reporter-output>
          </reporter-output>
        </test-method> <!-- searchfilter -->
        <test-method status="PASS" signature="tearDown()[pri:0, instance:com.qa.easy.testcases.Demotest@173a6728]" name="tearDown" is-config="true" duration-ms="652" started-at="2019-07-29T06:51:36Z" finished-at="2019-07-29T06:51:37Z">
          <reporter-output>
          </reporter-output>
        </test-method> <!-- tearDown -->
      </class> <!-- com.qa.easy.testcases.Demotest -->
    </test> <!-- TestNG Testcases -->
  </suite> <!-- Test Suite -->
</testng-results>
